123
33 9921
38 338
52 292
101 266
342 688
407 572
858 9884
900 9876
927 9870
931 9853
977 1212
1110 1156
1184 1199
1218 9596
1234 7957
1236 1322
1341 7483
1388 7406
1398 6814
1426 1430
1442 6811
1452 6137
1457 1591
1616 1620
1661 6105
1668 6052
1691 1731
1738 5935
1762 5894
1797 2434
1925 2350
1947 1994
2042 2315
2050 2278
2111 2266
2163 2201
2441 5864
2467 5830
2473 2663
2478 2624
2699 5822
2710 2839
2720 2835
2854 5740
2873 5736
2935 4283
2951 2967
2952 2954
3041 4203
3042 4033
3043 3236
3120 3194
3351 4009
3361 3979
3378 3514
3538 3973
3540 3962
3548 3822
3624 3676
4034 4134
4338 5726
4397 4462
4515 4529
4540 5685
4562 5581
4575 5539
4601 5534
4634 4731
4637 4711
4757 4790
4842 5091
4909 5047
5093 5503
5145 5456
5166 5259
5320 5395
5561 5575
5586 5609
5616 5623
5630 5682
5656 5674
6145 6781
6204 6747
6224 6487
6258 6373
6271 6312
6400 6470
6551 6617
6638 6645
6817 7372
6833 7064
6945 6974
7118 7304
7409 7438
7526 7869
7528 7664
7702 7819
7717 7731
7877 7951
7961 9592
8070 8948
8094 8928
8100 8745
8130 8741
8177 8736
8222 8485
8262 8313
8363 8436
8365 8418
8492 8666
8787 8891
8913 8920
8950 9580
8956 9574
8989 9096
9118 9501
9161 9270
9288 9490
9330 9434
9602 9708
9723 9751
9762 9842
9925 9977
